[debug] [2025-11-12T16:47:59.487Z] ----------------------------------------------------------------------
[debug] [2025-11-12T16:47:59.494Z] Command:       /opt/homebrew/Cellar/node/24.8.0/bin/node /usr/local/bin/firebase deploy
[debug] [2025-11-12T16:47:59.494Z] CLI Version:   14.11.2
[debug] [2025-11-12T16:47:59.494Z] Platform:      darwin
[debug] [2025-11-12T16:47:59.494Z] Node Version:  v24.8.0
[debug] [2025-11-12T16:47:59.494Z] Time:          Wed Nov 12 2025 22:17:59 GMT+0530 (India Standard Time)
[debug] [2025-11-12T16:47:59.494Z] ----------------------------------------------------------------------
[debug] 
[debug] [2025-11-12T16:47:59.495Z] >>> [apiv2][query] GET https://firebase-public.firebaseio.com/cli.json [none]
[debug] [2025-11-12T16:47:59.614Z] > command requires scopes: ["email","openid","https://www.googleapis.com/auth/cloudplatformprojects.readonly","https://www.googleapis.com/auth/firebase","https://www.googleapis.com/auth/cloud-platform"]
[debug] [2025-11-12T16:47:59.614Z] > authorizing via signed-in user (bharat.nanavathula@gmail.com)
[debug] [2025-11-12T16:47:59.614Z] [iam] checking project meetcody-clone for permissions ["firebase.projects.get","firebasehosting.sites.update"]
[debug] [2025-11-12T16:47:59.614Z] Checked if tokens are valid: false, expires at: 1762588736875
[debug] [2025-11-12T16:47:59.615Z] Checked if tokens are valid: false, expires at: 1762588736875
[debug] [2025-11-12T16:47:59.615Z] > refreshing access token with scopes: []
[debug] [2025-11-12T16:47:59.615Z] >>> [apiv2][query] POST https://www.googleapis.com/oauth2/v3/token [none]
[debug] [2025-11-12T16:47:59.615Z] >>> [apiv2][body] POST https://www.googleapis.com/oauth2/v3/token [omitted]
[debug] [2025-11-12T16:47:59.960Z] <<< [apiv2][status] POST https://www.googleapis.com/oauth2/v3/token 200
[debug] [2025-11-12T16:47:59.961Z] <<< [apiv2][body] POST https://www.googleapis.com/oauth2/v3/token [omitted]
[debug] [2025-11-12T16:47:59.975Z] >>> [apiv2][query] POST https://cloudresourcemanager.googleapis.com/v1/projects/meetcody-clone:testIamPermissions [none]
[debug] [2025-11-12T16:47:59.975Z] >>> [apiv2][(partial)header] POST https://cloudresourcemanager.googleapis.com/v1/projects/meetcody-clone:testIamPermissions x-goog-quota-user=projects/meetcody-clone
[debug] [2025-11-12T16:47:59.975Z] >>> [apiv2][body] POST https://cloudresourcemanager.googleapis.com/v1/projects/meetcody-clone:testIamPermissions {"permissions":["firebase.projects.get","firebasehosting.sites.update"]}
[debug] [2025-11-12T16:48:00.270Z] <<< [apiv2][status] GET https://firebase-public.firebaseio.com/cli.json 200
[debug] [2025-11-12T16:48:00.270Z] <<< [apiv2][body] GET https://firebase-public.firebaseio.com/cli.json {"cloudBuildErrorAfter":1594252800000,"cloudBuildWarnAfter":1590019200000,"defaultNode10After":1594252800000,"minVersion":"3.0.5","node8DeploysDisabledAfter":1613390400000,"node8RuntimeDisabledAfter":1615809600000,"node8WarnAfter":1600128000000}
[debug] [2025-11-12T16:48:01.422Z] <<< [apiv2][status] POST https://cloudresourcemanager.googleapis.com/v1/projects/meetcody-clone:testIamPermissions 200
[debug] [2025-11-12T16:48:01.422Z] <<< [apiv2][body] POST https://cloudresourcemanager.googleapis.com/v1/projects/meetcody-clone:testIamPermissions {"permissions":["firebase.projects.get","firebasehosting.sites.update"]}
[debug] [2025-11-12T16:48:01.423Z] Checked if tokens are valid: true, expires at: 1762969678961
[debug] [2025-11-12T16:48:01.423Z] Checked if tokens are valid: true, expires at: 1762969678961
[debug] [2025-11-12T16:48:01.424Z] >>> [apiv2][query] GET https://firebase.googleapis.com/v1beta1/projects/meetcody-clone [none]
[debug] [2025-11-12T16:48:02.114Z] <<< [apiv2][status] GET https://firebase.googleapis.com/v1beta1/projects/meetcody-clone 200
[debug] [2025-11-12T16:48:02.114Z] <<< [apiv2][body] GET https://firebase.googleapis.com/v1beta1/projects/meetcody-clone {"projectId":"meetcody-clone","projectNumber":"519899541594","displayName":"MeetCody Clone","name":"projects/meetcody-clone","resources":{"hostingSite":"meetcody-clone"},"state":"ACTIVE","etag":"1_841ad256-88dd-4a77-8b28-0b6e8e128015"}
[info] 
   Thank you for trying our early preview of Next.js support on Firebase Hosting.
   During the preview, support is best-effort and breaking changes can be expected. Proceed with caution.
   The integration is known to work with Next.js version 12 - 15.0. You may encounter errors.

   Documentation: https://firebase.google.com/docs/hosting/frameworks/nextjs
   File a bug: https://github.com/firebase/firebase-tools/issues/new?template=bug_report.md
   Submit a feature request: https://github.com/firebase/firebase-tools/issues/new?template=feature_request.md

   We'd love to learn from you. Express your interest in helping us shape the future of Firebase Hosting: https://goo.gle/41enW5X

[debug] [2025-11-12T16:48:04.011Z] Checked if tokens are valid: true, expires at: 1762969678961
[debug] [2025-11-12T16:48:04.011Z] Checked if tokens are valid: true, expires at: 1762969678961
[debug] [2025-11-12T16:48:04.011Z] >>> [apiv2][query] GET https://firebasehosting.googleapis.com/v1beta1/projects/meetcody-clone/sites/meetcody-clone [none]
[debug] [2025-11-12T16:48:05.244Z] <<< [apiv2][status] GET https://firebasehosting.googleapis.com/v1beta1/projects/meetcody-clone/sites/meetcody-clone 200
[debug] [2025-11-12T16:48:05.244Z] <<< [apiv2][body] GET https://firebasehosting.googleapis.com/v1beta1/projects/meetcody-clone/sites/meetcody-clone {"name":"projects/meetcody-clone/sites/meetcody-clone","defaultUrl":"https://meetcody-clone.web.app","type":"DEFAULT_SITE"}
[info]  ⚠ Warning: Found multiple lockfiles. Selecting /Users/Bharat/Work/package-lock.json.
   Consider removing the lockfiles at:
   * /Users/Bharat/Work/Nandak/ai_chatbot_admin/package-lock.json


[info]    ▲ Next.js 15.4.5

[info]    - Environments: .env


[info]    Creating an optimized production build ...

[info]  ⚠ Compiled with warnings in 3.0s

./app/dashboard/knowledge-base/[folderId]/page.jsx
Module not found: Can't resolve '../../../lib/supabaseBrowser' in '/Users/Bharat/Work/Nandak/ai_chatbot_admin/app/dashboard/knowledge-base/[folderId]'

Import trace for requested module:
./app/dashboard/knowledge-base/[folderId]/page.jsx


[info]  ⚠ Compiled with warnings in 2000ms


[info] ./app/dashboard/knowledge-base/[folderId]/page.jsx
Module not found: Can't resolve '../../../lib/supabaseBrowser' in '/Users/Bharat/Work/Nandak/ai_chatbot_admin/app/dashboard/knowledge-base/[folderId]'

Import trace for requested module:
./app/dashboard/knowledge-base/[folderId]/page.jsx


[info]  ✓ Compiled successfully in 5.0s

[info]    Skipping validation of types

[info]    Skipping linting

[info]    Collecting page data ...

[info]    Generating static pages (0/29) ...

[info]    Generating static pages (7/29) 

[info]    Generating static pages (14/29) 

[info]    Generating static pages (21/29) 

[info]  ✓ Generating static pages (29/29)

[info]    Finalizing page optimization ...
   Collecting build traces ...

[info] 

[info] Route (app)                                          Size  First Load JS
┌ ○ /                                             1.59 kB         143 kB
├ ○ /_not-found                                      1 kB         101 kB
├ ƒ /api/delete-user                                134 B         100 kB
├ ○ /callback                                     2.34 kB         152 kB
├ ○ /dashboard                                    2.82 kB         229 kB
├ ○ /dashboard/activity                            1.3 kB         101 kB
├ ○ /dashboard/admin                              10.8 kB         276 kB
├ ○ /dashboard/bots                               3.51 kB         148 kB
├ ƒ /dashboard/bots/[botId]/chat                  4.35 kB         155 kB
├ ƒ /dashboard/bots/[botId]/edit                  3.85 kB         157 kB
├ ○ /dashboard/bots/create                        4.22 kB         158 kB
├ ○ /dashboard/chat                               3.48 kB         157 kB
├ ○ /dashboard/contactus                          7.49 kB         272 kB
├ ○ /dashboard/details                            7.95 kB         322 kB
├ ○ /dashboard/details/create                     23.8 kB         325 kB
├ ○ /dashboard/invoices                           5.56 kB         325 kB
├ ○ /dashboard/invoices/create                     5.2 kB         183 kB
├ ○ /dashboard/knowledge-base                       134 B         100 kB
├ ƒ /dashboard/knowledge-base/[folderId]          5.07 kB         123 kB
├ ƒ /dashboard/knowledge-base/[folderId]/create   23.4 kB         317 kB
├ ƒ /dashboard/knowledge-base/[folderId]/upload   3.95 kB         162 kB
├ ƒ /dashboard/knowledge-base/[folderId]/website  3.31 kB         161 kB
├ ○ /dashboard/leads                              5.76 kB         178 kB
├ ○ /dashboard/promo-code                         7.25 kB         179 kB
├ ○ /dashboard/recycle                            7.33 kB         272 kB
├ ○ /dashboard/reports                             159 kB         426 kB
├ ○ /dashboard/settings                            1.3 kB         101 kB
├ ○ /dashboard/subscription                       4.83 kB         261 kB
├ ○ /dashboard/subscription-plans                  4.1 kB         176 kB
├ ○ /dashboard/users                                25 kB         324 kB
├ ƒ /dashboard/users/[id]                         3.07 kB         152 kB
├ ƒ /dashboard/users/[id]/edit                     8.3 kB         176 kB
├ ƒ /dashboard/users/[id]/leads                   7.47 kB         183 kB
├ ○ /dashboard/webhook                            3.99 kB         163 kB
├ ○ /reset-password                                2.6 kB         144 kB
└ ƒ /sign-in/[[...sign-in]]                       3.81 kB         150 kB
+ First Load JS shared by all                      100 kB
  ├ chunks/4bd1b696-cc729d47eba2cee4.js           54.1 kB
  ├ chunks/5964-40978821a2ce41e4.js               43.9 kB
  └ other shared chunks (total)                   2.17 kB


ƒ Middleware                                      67.3 kB

[info] 
○  (Static)   prerendered as static content
ƒ  (Dynamic)  server-rendered on demand


[info] Building a Cloud Function to run this application. This is needed due to:
[info]  • middleware
[info]  • non-static component /api/delete-user/route
[info]  • non-static component /(auth)/sign-in/[[...sign-in]]/page
[info]  • non-static component /dashboard/bots/[botId]/edit/page
[info]  • non-static component /dashboard/bots/[botId]/chat/page
[debug] [2025-11-12T16:48:19.549Z]  • non-static component /dashboard/users/[id]/leads/page
[debug] [2025-11-12T16:48:19.549Z]  • non-static component /dashboard/users/[id]/edit/page
[debug] [2025-11-12T16:48:19.549Z]  • non-static component /dashboard/users/[id]/page
[debug] [2025-11-12T16:48:19.549Z]  • non-static component /dashboard/knowledge-base/[folderId]/upload/page
[debug] [2025-11-12T16:48:19.549Z]  • non-static component /dashboard/knowledge-base/[folderId]/page
[debug] [2025-11-12T16:48:19.549Z]  • non-static component /dashboard/knowledge-base/[folderId]/website/page
[debug] [2025-11-12T16:48:19.549Z]  • non-static component /dashboard/knowledge-base/[folderId]/create/page
[debug] [2025-11-12T16:48:19.549Z]  • route with server action /_not-found
[debug] [2025-11-12T16:48:19.549Z]  • route with server action /callback
[debug] [2025-11-12T16:48:19.549Z]  • route with server action /reset-password
[debug] [2025-11-12T16:48:19.549Z]  • route with server action /sign-in/[[...sign-in]]
[debug] [2025-11-12T16:48:19.549Z]  • route with server action /
[debug] [2025-11-12T16:48:19.549Z]  • route with server action /dashboard/bots/[botId]/edit
[debug] [2025-11-12T16:48:19.549Z]  • route with server action /dashboard/admin
[debug] [2025-11-12T16:48:19.549Z]  • route with server action /dashboard/activity
[debug] [2025-11-12T16:48:19.549Z]  • route with server action /dashboard/bots/create
[debug] [2025-11-12T16:48:19.549Z]  • route with server action /dashboard/bots
[debug] [2025-11-12T16:48:19.549Z]  • route with server action /dashboard/contactus
[debug] [2025-11-12T16:48:19.549Z]  • route with server action /dashboard/details/create
[debug] [2025-11-12T16:48:19.549Z]  • route with server action /dashboard/details
[debug] [2025-11-12T16:48:19.549Z]  • route with server action /dashboard/chat
[debug] [2025-11-12T16:48:19.549Z]  • route with server action /dashboard/invoices
[debug] [2025-11-12T16:48:19.549Z]  • route with server action /dashboard/bots/[botId]/chat
[debug] [2025-11-12T16:48:19.549Z]  • route with server action /dashboard/invoices/create
[debug] [2025-11-12T16:48:19.549Z]  • route with server action /dashboard/promo-code
[debug] [2025-11-12T16:48:19.550Z]  • route with server action /dashboard/recycle
[debug] [2025-11-12T16:48:19.550Z]  • route with server action /dashboard/reports
[debug] [2025-11-12T16:48:19.550Z]  • route with server action /dashboard/settings
[debug] [2025-11-12T16:48:19.550Z]  • route with server action /dashboard/subscription-plans
[debug] [2025-11-12T16:48:19.550Z]  • route with server action /dashboard/subscription
[debug] [2025-11-12T16:48:19.550Z]  • route with server action /dashboard
[debug] [2025-11-12T16:48:19.550Z]  • route with server action /dashboard/users/[id]/leads
[debug] [2025-11-12T16:48:19.550Z]  • route with server action /dashboard/leads
[debug] [2025-11-12T16:48:19.550Z]  • route with server action /dashboard/users/[id]/edit
[debug] [2025-11-12T16:48:19.550Z]  • route with server action /dashboard/users/[id]
[debug] [2025-11-12T16:48:19.550Z]  • route with server action /dashboard/webhook
[debug] [2025-11-12T16:48:19.550Z]  • route with server action /dashboard/users
[debug] [2025-11-12T16:48:19.550Z]  • route with server action /dashboard/knowledge-base
[debug] [2025-11-12T16:48:19.550Z]  • route with server action /dashboard/knowledge-base/[folderId]/upload
[debug] [2025-11-12T16:48:19.550Z]  • route with server action /dashboard/knowledge-base/[folderId]
[debug] [2025-11-12T16:48:19.550Z]  • route with server action /dashboard/knowledge-base/[folderId]/website
[debug] [2025-11-12T16:48:19.550Z]  • route with server action /dashboard/knowledge-base/[folderId]/create
[info]  • and 42 other reasons, use --debug to see more
[info] 
[debug] [2025-11-12T16:48:19.607Z] skipping /callback due to server action
[debug] [2025-11-12T16:48:19.607Z] skipping /dashboard/bots/create due to it matching an unsupported rewrite/redirect/header or middlware
[debug] [2025-11-12T16:48:19.607Z] skipping /reset-password due to server action
[debug] [2025-11-12T16:48:19.607Z] skipping /dashboard/bots due to it matching an unsupported rewrite/redirect/header or middlware
[debug] [2025-11-12T16:48:19.607Z] skipping /dashboard/chat due to it matching an unsupported rewrite/redirect/header or middlware
[debug] [2025-11-12T16:48:19.607Z] skipping / due to server action
[debug] [2025-11-12T16:48:19.607Z] skipping /dashboard/admin due to it matching an unsupported rewrite/redirect/header or middlware
[debug] [2025-11-12T16:48:19.607Z] skipping /dashboard/contactus due to it matching an unsupported rewrite/redirect/header or middlware
[debug] [2025-11-12T16:48:19.607Z] skipping /dashboard/activity due to it matching an unsupported rewrite/redirect/header or middlware
[debug] [2025-11-12T16:48:19.607Z] skipping /dashboard/invoices/create due to it matching an unsupported rewrite/redirect/header or middlware
[debug] [2025-11-12T16:48:19.607Z] skipping /dashboard/details due to it matching an unsupported rewrite/redirect/header or middlware
[debug] [2025-11-12T16:48:19.607Z] skipping /dashboard/details/create due to it matching an unsupported rewrite/redirect/header or middlware
[debug] [2025-11-12T16:48:19.607Z] skipping /dashboard due to it matching an unsupported rewrite/redirect/header or middlware
[debug] [2025-11-12T16:48:19.607Z] skipping /dashboard/promo-code due to it matching an unsupported rewrite/redirect/header or middlware
[debug] [2025-11-12T16:48:19.607Z] skipping /dashboard/recycle due to it matching an unsupported rewrite/redirect/header or middlware
[debug] [2025-11-12T16:48:19.607Z] skipping /dashboard/subscription-plans due to it matching an unsupported rewrite/redirect/header or middlware
[debug] [2025-11-12T16:48:19.607Z] skipping /dashboard/settings due to it matching an unsupported rewrite/redirect/header or middlware
[debug] [2025-11-12T16:48:19.607Z] skipping /dashboard/subscription due to it matching an unsupported rewrite/redirect/header or middlware
[debug] [2025-11-12T16:48:19.607Z] skipping /dashboard/invoices due to it matching an unsupported rewrite/redirect/header or middlware
[debug] [2025-11-12T16:48:19.608Z] skipping /dashboard/webhook due to it matching an unsupported rewrite/redirect/header or middlware
[debug] [2025-11-12T16:48:19.608Z] skipping /dashboard/users due to it matching an unsupported rewrite/redirect/header or middlware
[debug] [2025-11-12T16:48:19.608Z] skipping /dashboard/knowledge-base due to it matching an unsupported rewrite/redirect/header or middlware
[debug] [2025-11-12T16:48:19.608Z] skipping /dashboard/leads due to it matching an unsupported rewrite/redirect/header or middlware
[debug] [2025-11-12T16:48:19.608Z] skipping /dashboard/reports due to it matching an unsupported rewrite/redirect/header or middlware
[debug] [2025-11-12T16:48:19.651Z] Checked if tokens are valid: true, expires at: 1762969678961
[debug] [2025-11-12T16:48:19.651Z] Checked if tokens are valid: true, expires at: 1762969678961
[debug] [2025-11-12T16:48:19.651Z] >>> [apiv2][query] GET https://firebasehosting.googleapis.com/v1beta1/projects/meetcody-clone/sites/meetcody-clone [none]
[debug] [2025-11-12T16:48:20.924Z] <<< [apiv2][status] GET https://firebasehosting.googleapis.com/v1beta1/projects/meetcody-clone/sites/meetcody-clone 200
[debug] [2025-11-12T16:48:20.924Z] <<< [apiv2][body] GET https://firebasehosting.googleapis.com/v1beta1/projects/meetcody-clone/sites/meetcody-clone {"name":"projects/meetcody-clone/sites/meetcody-clone","defaultUrl":"https://meetcody-clone.web.app","type":"DEFAULT_SITE"}
[warn] ⚠  This integration expects Node version 16, 18, or 20. You're running version 24, problems may be encountered. 
[debug] [2025-11-12T16:48:58.688Z] [web frameworks] effective firebase.json:  {
  "hosting": [
    {
      "source": ".",
      "site": "meetcody-admin",
      "ignore": [
        "firebase.json",
        "**/.*",
        "**/node_modules/**"
      ],
      "frameworksBackend": {
        "region": "us-east1"
      },
      "rewrites": [
        {
          "source": "/**",
          "function": {
            "functionId": "ssrmeetcodyadmin",
            "region": "us-east1",
            "pinTag": true
          }
        }
      ],
      "redirects": [],
      "headers": [
        {
          "source": "/_not-found",
          "headers": [
            {
              "key": "x-nextjs-stale-time",
              "value": "300"
            },
            {
              "key": "x-nextjs-prerender",
              "value": "1"
            },
            {
              "key": "x-next-cache-tags",
              "value": "_N_T_/layout,_N_T_/_not-found/layout,_N_T_/_not-found/page,_N_T_/_not-found"
            }
          ]
        },
        {
          "source": "/favicon.ico",
          "headers": [
            {
              "key": "cache-control",
              "value": "public, max-age=0, must-revalidate"
            },
            {
              "key": "content-type",
              "value": "image/x-icon"
            },
            {
              "key": "x-next-cache-tags",
              "value": "_N_T_/layout,_N_T_/favicon.ico/layout,_N_T_/favicon.ico/route,_N_T_/favicon.ico"
            }
          ]
        },
        {
          "source": "/dashboard/admin",
          "headers": [
            {
              "key": "x-nextjs-stale-time",
              "value": "300"
            },
            {
              "key": "x-nextjs-prerender",
              "value": "1"
            },
            {
              "key": "x-next-cache-tags",
              "value": "_N_T_/layout,_N_T_/dashboard/layout,_N_T_/dashboard/admin/layout,_N_T_/dashboard/admin/page,_N_T_/dashboard/admin"
            }
          ]
        },
        {
          "source": "/dashboard/activity",
          "headers": [
            {
              "key": "x-nextjs-stale-time",
              "value": "300"
            },
            {
              "key": "x-nextjs-prerender",
              "value": "1"
            },
            {
              "key": "x-next-cache-tags",
              "value": "_N_T_/layout,_N_T_/dashboard/layout,_N_T_/dashboard/activity/layout,_N_T_/dashboard/activity/page,_N_T_/dashboard/activity"
            }
          ]
        },
        {
          "source": "/dashboard/bots/create",
          "headers": [
            {
              "key": "x-nextjs-stale-time",
              "value": "300"
            },
            {
              "key": "x-nextjs-prerender",
              "value": "1"
            },
            {
              "key": "x-next-cache-tags",
              "value": "_N_T_/layout,_N_T_/dashboard/layout,_N_T_/dashboard/bots/layout,_N_T_/dashboard/bots/create/layout,_N_T_/dashboard/bots/create/page,_N_T_/dashboard/bots/create"
            }
          ]
        },
        {
          "source": "/dashboard/bots",
          "headers": [
            {
              "key": "x-nextjs-stale-time",
              "value": "300"
            },
            {
              "key": "x-nextjs-prerender",
              "value": "1"
            },
            {
              "key": "x-next-cache-tags",
              "value": "_N_T_/layout,_N_T_/dashboard/layout,_N_T_/dashboard/bots/layout,_N_T_/dashboard/bots/page,_N_T_/dashboard/bots"
            }
          ]
        },
        {
          "source": "/dashboard/contactus",
          "headers": [
            {
              "key": "x-nextjs-stale-time",
              "value": "300"
            },
            {
              "key": "x-nextjs-prerender",
              "value": "1"
            },
            {
              "key": "x-next-cache-tags",
              "value": "_N_T_/layout,_N_T_/dashboard/layout,_N_T_/dashboard/contactus/layout,_N_T_/dashboard/contactus/page,_N_T_/dashboard/contactus"
            }
          ]
        },
        {
          "source": "/dashboard/details/create",
          "headers": [
            {
              "key": "x-nextjs-stale-time",
              "value": "300"
            },
            {
              "key": "x-nextjs-prerender",
              "value": "1"
            },
            {
              "key": "x-next-cache-tags",
              "value": "_N_T_/layout,_N_T_/dashboard/layout,_N_T_/dashboard/details/layout,_N_T_/dashboard/details/create/layout,_N_T_/dashboard/details/create/page,_N_T_/dashboard/details/create"
            }
          ]
        },
        {
          "source": "/dashboard/details",
          "headers": [
            {
              "key": "x-nextjs-stale-time",
              "value": "300"
            },
            {
              "key": "x-nextjs-prerender",
              "value": "1"
            },
            {
              "key": "x-next-cache-tags",
              "value": "_N_T_/layout,_N_T_/dashboard/layout,_N_T_/dashboard/details/layout,_N_T_/dashboard/details/page,_N_T_/dashboard/details"
            }
          ]
        },
        {
          "source": "/dashboard/invoices/create",
          "headers": [
            {
              "key": "x-nextjs-stale-time",
              "value": "300"
            },
            {
              "key": "x-nextjs-prerender",
              "value": "1"
            },
            {
              "key": "x-next-cache-tags",
              "value": "_N_T_/layout,_N_T_/dashboard/layout,_N_T_/dashboard/invoices/layout,_N_T_/dashboard/invoices/create/layout,_N_T_/dashboard/invoices/create/page,_N_T_/dashboard/invoices/create"
            }
          ]
        },
        {
          "source": "/dashboard/promo-code",
          "headers": [
            {
              "key": "x-nextjs-stale-time",
              "value": "300"
            },
            {
              "key": "x-nextjs-prerender",
              "value": "1"
            },
            {
              "key": "x-next-cache-tags",
              "value": "_N_T_/layout,_N_T_/dashboard/layout,_N_T_/dashboard/promo-code/layout,_N_T_/dashboard/promo-code/page,_N_T_/dashboard/promo-code"
            }
          ]
        },
        {
          "source": "/dashboard/invoices",
          "headers": [
            {
              "key": "x-nextjs-stale-time",
              "value": "300"
            },
            {
              "key": "x-nextjs-prerender",
              "value": "1"
            },
            {
              "key": "x-next-cache-tags",
              "value": "_N_T_/layout,_N_T_/dashboard/layout,_N_T_/dashboard/invoices/layout,_N_T_/dashboard/invoices/page,_N_T_/dashboard/invoices"
            }
          ]
        },
        {
          "source": "/dashboard/recycle",
          "headers": [
            {
              "key": "x-nextjs-stale-time",
              "value": "300"
            },
            {
              "key": "x-nextjs-prerender",
              "value": "1"
            },
            {
              "key": "x-next-cache-tags",
              "value": "_N_T_/layout,_N_T_/dashboard/layout,_N_T_/dashboard/recycle/layout,_N_T_/dashboard/recycle/page,_N_T_/dashboard/recycle"
            }
          ]
        },
        {
          "source": "/dashboard/settings",
          "headers": [
            {
              "key": "x-nextjs-stale-time",
              "value": "300"
            },
            {
              "key": "x-nextjs-prerender",
              "value": "1"
            },
            {
              "key": "x-next-cache-tags",
              "value": "_N_T_/layout,_N_T_/dashboard/layout,_N_T_/dashboard/settings/layout,_N_T_/dashboard/settings/page,_N_T_/dashboard/settings"
            }
          ]
        },
        {
          "source": "/dashboard/subscription-plans",
          "headers": [
            {
              "key": "x-nextjs-stale-time",
              "value": "300"
            },
            {
              "key": "x-nextjs-prerender",
              "value": "1"
            },
            {
              "key": "x-next-cache-tags",
              "value": "_N_T_/layout,_N_T_/dashboard/layout,_N_T_/dashboard/subscription-plans/layout,_N_T_/dashboard/subscription-plans/page,_N_T_/dashboard/subscription-plans"
            }
          ]
        },
        {
          "source": "/dashboard/subscription",
          "headers": [
            {
              "key": "x-nextjs-stale-time",
              "value": "300"
            },
            {
              "key": "x-nextjs-prerender",
              "value": "1"
            },
            {
              "key": "x-next-cache-tags",
              "value": "_N_T_/layout,_N_T_/dashboard/layout,_N_T_/dashboard/subscription/layout,_N_T_/dashboard/subscription/page,_N_T_/dashboard/subscription"
            }
          ]
        },
        {
          "source": "/dashboard",
          "headers": [
            {
              "key": "x-nextjs-stale-time",
              "value": "300"
            },
            {
              "key": "x-nextjs-prerender",
              "value": "1"
            },
            {
              "key": "x-next-cache-tags",
              "value": "_N_T_/layout,_N_T_/dashboard/layout,_N_T_/dashboard/page,_N_T_/dashboard"
            }
          ]
        },
        {
          "source": "/dashboard/leads",
          "headers": [
            {
              "key": "x-nextjs-stale-time",
              "value": "300"
            },
            {
              "key": "x-nextjs-prerender",
              "value": "1"
            },
            {
              "key": "x-next-cache-tags",
              "value": "_N_T_/layout,_N_T_/dashboard/layout,_N_T_/dashboard/leads/layout,_N_T_/dashboard/leads/page,_N_T_/dashboard/leads"
            }
          ]
        },
        {
          "source": "/dashboard/webhook",
          "headers": [
            {
              "key": "x-nextjs-stale-time",
              "value": "300"
            },
            {
              "key": "x-nextjs-prerender",
              "value": "1"
            },
            {
              "key": "x-next-cache-tags",
              "value": "_N_T_/layout,_N_T_/dashboard/layout,_N_T_/dashboard/webhook/layout,_N_T_/dashboard/webhook/page,_N_T_/dashboard/webhook"
            }
          ]
        },
        {
          "source": "/dashboard/reports",
          "headers": [
            {
              "key": "x-nextjs-stale-time",
              "value": "300"
            },
            {
              "key": "x-nextjs-prerender",
              "value": "1"
            },
            {
              "key": "x-next-cache-tags",
              "value": "_N_T_/layout,_N_T_/dashboard/layout,_N_T_/dashboard/reports/layout,_N_T_/dashboard/reports/page,_N_T_/dashboard/reports"
            }
          ]
        },
        {
          "source": "/dashboard/users",
          "headers": [
            {
              "key": "x-nextjs-stale-time",
              "value": "300"
            },
            {
              "key": "x-nextjs-prerender",
              "value": "1"
            },
            {
              "key": "x-next-cache-tags",
              "value": "_N_T_/layout,_N_T_/dashboard/layout,_N_T_/dashboard/users/layout,_N_T_/dashboard/users/page,_N_T_/dashboard/users"
            }
          ]
        },
        {
          "source": "/dashboard/knowledge-base",
          "headers": [
            {
              "key": "x-nextjs-stale-time",
              "value": "300"
            },
            {
              "key": "x-nextjs-prerender",
              "value": "1"
            },
            {
              "key": "x-next-cache-tags",
              "value": "_N_T_/layout,_N_T_/dashboard/layout,_N_T_/dashboard/knowledge-base/layout,_N_T_/dashboard/knowledge-base/page,_N_T_/dashboard/knowledge-base"
            }
          ]
        },
        {
          "source": "/dashboard/chat",
          "headers": [
            {
              "key": "x-nextjs-stale-time",
              "value": "300"
            },
            {
              "key": "x-nextjs-prerender",
              "value": "1"
            },
            {
              "key": "x-next-cache-tags",
              "value": "_N_T_/layout,_N_T_/dashboard/layout,_N_T_/dashboard/chat/layout,_N_T_/dashboard/chat/page,_N_T_/dashboard/chat"
            }
          ]
        }
      ],
      "cleanUrls": true,
      "trailingSlash": false,
      "public": ".firebase/meetcody-admin/hosting",
      "webFramework": "next_ssr"
    }
  ],
  "functions": [
    {
      "source": ".firebase/meetcody-admin/functions",
      "codebase": "firebase-frameworks-meetcody-admin"
    }
  ]
}
[debug] [2025-11-12T16:48:58.689Z] > command requires scopes: ["email","openid","https://www.googleapis.com/auth/cloudplatformprojects.readonly","https://www.googleapis.com/auth/firebase","https://www.googleapis.com/auth/cloud-platform"]
[debug] [2025-11-12T16:48:58.689Z] > authorizing via signed-in user (bharat.nanavathula@gmail.com)
[debug] [2025-11-12T16:48:58.690Z] [iam] checking project meetcody-clone for permissions ["cloudfunctions.functions.create","cloudfunctions.functions.delete","cloudfunctions.functions.get","cloudfunctions.functions.list","cloudfunctions.functions.update","cloudfunctions.operations.get","firebase.projects.get"]
[debug] [2025-11-12T16:48:58.690Z] Checked if tokens are valid: true, expires at: 1762969678961
[debug] [2025-11-12T16:48:58.690Z] Checked if tokens are valid: true, expires at: 1762969678961
[debug] [2025-11-12T16:48:58.690Z] >>> [apiv2][query] POST https://cloudresourcemanager.googleapis.com/v1/projects/meetcody-clone:testIamPermissions [none]
[debug] [2025-11-12T16:48:58.690Z] >>> [apiv2][(partial)header] POST https://cloudresourcemanager.googleapis.com/v1/projects/meetcody-clone:testIamPermissions x-goog-quota-user=projects/meetcody-clone
[debug] [2025-11-12T16:48:58.690Z] >>> [apiv2][body] POST https://cloudresourcemanager.googleapis.com/v1/projects/meetcody-clone:testIamPermissions {"permissions":["cloudfunctions.functions.create","cloudfunctions.functions.delete","cloudfunctions.functions.get","cloudfunctions.functions.list","cloudfunctions.functions.update","cloudfunctions.operations.get","firebase.projects.get"]}
[debug] [2025-11-12T16:49:00.346Z] <<< [apiv2][status] POST https://cloudresourcemanager.googleapis.com/v1/projects/meetcody-clone:testIamPermissions 200
[debug] [2025-11-12T16:49:00.346Z] <<< [apiv2][body] POST https://cloudresourcemanager.googleapis.com/v1/projects/meetcody-clone:testIamPermissions {"permissions":["cloudfunctions.functions.create","cloudfunctions.functions.delete","cloudfunctions.functions.get","cloudfunctions.functions.list","cloudfunctions.functions.update","cloudfunctions.operations.get","firebase.projects.get"]}
[info] 
[info] === Deploying to 'meetcody-clone'...
[info] 
[info] i  deploying functions, hosting 
[debug] [2025-11-12T16:49:00.353Z] Checked if tokens are valid: true, expires at: 1762969678961
[debug] [2025-11-12T16:49:00.354Z] Checked if tokens are valid: true, expires at: 1762969678961
[debug] [2025-11-12T16:49:00.354Z] >>> [apiv2][query] GET https://cloudresourcemanager.googleapis.com/v1/projects/meetcody-clone [none]
[debug] [2025-11-12T16:49:00.706Z] <<< [apiv2][status] GET https://cloudresourcemanager.googleapis.com/v1/projects/meetcody-clone 200
[debug] [2025-11-12T16:49:00.706Z] <<< [apiv2][body] GET https://cloudresourcemanager.googleapis.com/v1/projects/meetcody-clone {"projectNumber":"519899541594","projectId":"meetcody-clone","lifecycleState":"ACTIVE","name":"MeetCody Clone","labels":{"firebase":"enabled","firebase-core":"disabled"},"createTime":"2025-10-28T15:16:19.327892Z"}
[info] i  functions: preparing codebase firebase-frameworks-meetcody-admin for deployment 
[info] i  functions: ensuring required API cloudfunctions.googleapis.com is enabled... 
[info] i  functions: ensuring required API cloudbuild.googleapis.com is enabled... 
[info] i  artifactregistry: ensuring required API artifactregistry.googleapis.com is enabled... 
[debug] [2025-11-12T16:49:00.710Z] Checked if tokens are valid: true, expires at: 1762969678961
[debug] [2025-11-12T16:49:00.710Z] Checked if tokens are valid: true, expires at: 1762969678961
[debug] [2025-11-12T16:49:00.710Z] >>> [apiv2][query] GET https://firebase.googleapis.com/v1beta1/projects/meetcody-clone/adminSdkConfig [none]
[debug] [2025-11-12T16:49:01.266Z] <<< [apiv2][status] GET https://firebase.googleapis.com/v1beta1/projects/meetcody-clone/adminSdkConfig 200
[debug] [2025-11-12T16:49:01.267Z] <<< [apiv2][body] GET https://firebase.googleapis.com/v1beta1/projects/meetcody-clone/adminSdkConfig {"projectId":"meetcody-clone","storageBucket":"meetcody-clone.firebasestorage.app"}
[debug] [2025-11-12T16:49:01.268Z] Checked if tokens are valid: true, expires at: 1762969678961
[debug] [2025-11-12T16:49:01.268Z] Checked if tokens are valid: true, expires at: 1762969678961
[debug] [2025-11-12T16:49:01.268Z] >>> [apiv2][query] GET https://runtimeconfig.googleapis.com/v1beta1/projects/meetcody-clone/configs [none]
[debug] [2025-11-12T16:49:01.874Z] <<< [apiv2][status] GET https://runtimeconfig.googleapis.com/v1beta1/projects/meetcody-clone/configs 200
[debug] [2025-11-12T16:49:01.874Z] <<< [apiv2][body] GET https://runtimeconfig.googleapis.com/v1beta1/projects/meetcody-clone/configs {}
[debug] [2025-11-12T16:49:01.875Z] Validating nodejs source
[warn] ⚠  functions: package.json indicates an outdated version of firebase-functions. Please upgrade using npm install --save firebase-functions@latest in your functions directory. 
[warn] ⚠  functions: Please note that there will be breaking changes when you upgrade. 
[debug] [2025-11-12T16:49:02.350Z] > [functions] package.json contents: {
  "name": "marketplace_bot_admin",
  "version": "0.1.0",
  "private": true,
  "dependencies": {
    "@radix-ui/react-dialog": "^1.1.14",
    "@radix-ui/react-select": "^2.2.6",
    "@radix-ui/react-slot": "^1.2.3",
    "@radix-ui/react-switch": "^1.2.6",
    "@radix-ui/react-tooltip": "^1.2.7",
    "@reduxjs/toolkit": "^2.8.2",
    "@supabase/auth-helpers-nextjs": "^0.10.0",
    "@supabase/ssr": "^0.6.1",
    "@supabase/supabase-js": "^2.53.0",
    "@tiptap/extension-color": "^3.10.2",
    "@tiptap/extension-highlight": "^3.10.2",
    "@tiptap/extension-horizontal-rule": "^3.10.2",
    "@tiptap/extension-image": "^3.10.2",
    "@tiptap/extension-list": "^3.10.2",
    "@tiptap/extension-placeholder": "^3.10.2",
    "@tiptap/extension-subscript": "^3.10.2",
    "@tiptap/extension-superscript": "^3.10.2",
    "@tiptap/extension-table": "^3.2.0",
    "@tiptap/extension-table-cell": "^3.2.0",
    "@tiptap/extension-table-header": "^3.2.0",
    "@tiptap/extension-table-row": "^3.2.0",
    "@tiptap/extension-text-align": "^3.10.2",
    "@tiptap/extension-text-style": "^3.10.2",
    "@tiptap/extension-typography": "^3.10.2",
    "@tiptap/extensions": "^3.10.2",
    "@tiptap/pm": "^3.10.2",
    "@tiptap/react": "^3.10.2",
    "@tiptap/starter-kit": "^3.10.2",
    "axios": "^1.11.0",
    "chart.js": "^4.5.0",
    "class-variance-authority": "^0.7.1",
    "file-saver": "^2.0.5",
    "formik": "^2.4.6",
    "html2canvas": "^1.4.1",
    "jspdf": "^3.0.1",
    "lucide-react": "^0.536.0",
    "model": "^6.0.1",
    "moment": "^2.30.1",
    "next": "15.4.5",
    "react": "19.1.0",
    "react-chartjs-2": "^5.3.0",
    "react-datepicker": "^8.4.0",
    "react-dom": "19.1.0",
    "react-dropzone": "^14.3.8",
    "react-icons": "^5.5.0",
    "react-phone-input-2": "^2.15.1",
    "react-redux": "^9.2.0",
    "sonner": "^2.0.7",
    "tailwind-merge": "^3.3.1",
    "tw-animate-css": "^1.3.6",
    "xlsx": "^0.18.5",
    "yup": "^1.7.0",
    "firebase-frameworks": "^0.11.0",
    "firebase-functions": "^6.0.1",
    "firebase-admin": "^11.11.1"
  },
  "main": "server.js",
  "engines": {
    "node": "20"
  }
}
[debug] [2025-11-12T16:49:02.350Z] Building nodejs source
[info] i  functions: Loading and analyzing source code for codebase firebase-frameworks-meetcody-admin to determine what to deploy 
[debug] [2025-11-12T16:49:02.351Z] Could not find functions.yaml. Must use http discovery
[debug] [2025-11-12T16:49:02.355Z] Found firebase-functions binary at '/Users/Bharat/Work/Nandak/ai_chatbot_admin/.firebase/meetcody-admin/functions/node_modules/.bin/firebase-functions'
[info] Serving at port 8148

[debug] [2025-11-12T16:49:02.667Z] Got response from /__/functions.yaml {"endpoints":{"ssrmeetcodyadmin":{"availableMemoryMb":null,"timeoutSeconds":null,"minInstances":null,"maxInstances":null,"ingressSettings":null,"concurrency":null,"serviceAccountEmail":null,"vpc":null,"platform":"gcfv2","region":["us-east1"],"labels":{},"httpsTrigger":{},"entryPoint":"ssrmeetcodyadmin"}},"specVersion":"v1alpha1","requiredAPIs":[],"extensions":{}}
